# JRE version: Java(TM) SE Runtime Environment (21.0.1+12) (build 21.0.1+12-LTS-29)
# Java VM: Java HotSpot(TM) 64-Bit Server VM (21.0.1+12-LTS-29, mixed mode, sharing, tiered, compressed oops, compressed class ptrs, g1 gc, windows-amd64)
GC Precious Log:
 CardTable entry size: 512
 Card Set container configuration: InlinePtr #cards 4 size 8 Array Of Cards #cards 16 size 48 Howl #buckets 8 coarsen threshold 3686 Howl Bitmap #cards 512 size 80 coarsen threshold 460 Card regions per heap region 1 cards per card region 4096
 CPUs: 16 total, 16 available
 Memory: 15611M
 Large Page Support: Disabled
 NUMA Support: Disabled
 Compressed Oops: Enabled (Zero based)
 Heap Region Size: 2M
 Heap Min Capacity: 8M
 Heap Initial Capacity: 244M
 Heap Max Capacity: 3904M
 Pre-touch: Disabled
 Parallel Workers: 13
 Concurrent Workers: 3
 Concurrent Refinement Workers: 13
 Periodic GC: Disabled
Heap:
 garbage-first heap   total 92160K, used 41013K [0x000000070c000000, 0x0000000800000000)
  region size 2048K, 3 young (6144K), 2 survivors (4096K)
 Metaspace       used 37565K, committed 37952K, reserved 1114112K
  class space    used 4267K, committed 4416K, reserved 1048576K
GC Heap History (18 events):
Event: 1.699 GC heap before
{Heap before GC invocations=0 (full 0):
 garbage-first heap   total 249856K, used 22528K [0x000000070c000000, 0x0000000800000000)
  region size 2048K, 11 young (22528K), 0 survivors (0K)
 Metaspace       used 5654K, committed 5888K, reserved 1114112K
  class space    used 651K, committed 768K, reserved 1048576K
}
Event: 1.704 GC heap after
{Heap after GC invocations=1 (full 0):
 garbage-first heap   total 249856K, used 3894K [0x000000070c000000, 0x0000000800000000)
  region size 2048K, 2 young (4096K), 2 survivors (4096K)
 Metaspace       used 5654K, committed 5888K, reserved 1114112K
  class space    used 651K, committed 768K, reserved 1048576K
}
Event: 2.530 GC heap before
{Heap before GC invocations=1 (full 0):
 garbage-first heap   total 249856K, used 36662K [0x000000070c000000, 0x0000000800000000)
  region size 2048K, 18 young (36864K), 2 survivors (4096K)
 Metaspace       used 9607K, committed 9792K, reserved 1114112K
  class space    used 1131K, committed 1216K, reserved 1048576K
}
Event: 2.535 GC heap after
{Heap after GC invocations=2 (full 0):
 garbage-first heap   total 249856K, used 5385K [0x000000070c000000, 0x0000000800000000)
  region size 2048K, 1 young (2048K), 1 survivors (2048K)
 Metaspace       used 9607K, committed 9792K, reserved 1114112K
  class space    used 1131K, committed 1216K, reserved 1048576K
}
Event: 4.492 GC heap before
{Heap before GC invocations=2 (full 0):
 garbage-first heap   total 249856K, used 54537K [0x000000070c000000, 0x0000000800000000)
  region size 2048K, 27 young (55296K), 1 survivors (2048K)
 Metaspace       used 21231K, committed 21504K, reserved 1114112K
  class space    used 2498K, committed 2624K, reserved 1048576K
}
Event: 4.502 GC heap after
{Heap after GC invocations=3 (full 0):
 garbage-first heap   total 249856K, used 11751K [0x000000070c000000, 0x0000000800000000)
  region size 2048K, 4 young (8192K), 4 survivors (8192K)
 Metaspace       used 21231K, committed 21504K, reserved 1114112K
  class space    used 2498K, committed 2624K, reserved 1048576K
}
Event: 6.254 GC heap before
{Heap before GC invocations=4 (full 0):
 garbage-first heap   total 49152K, used 48615K [0x000000070c000000, 0x0000000800000000)
  region size 2048K, 22 young (45056K), 4 survivors (8192K)
 Metaspace       used 26264K, committed 26624K, reserved 1114112K
  class space    used 3042K, committed 3200K, reserved 1048576K
}
Event: 6.269 GC heap after
{Heap after GC invocations=5 (full 0):
 garbage-first heap   total 61440K, used 14205K [0x000000070c000000, 0x0000000800000000)
  region size 2048K, 6 young (12288K), 6 survivors (12288K)
 Metaspace       used 26264K, committed 26624K, reserved 1114112K
  class space    used 3042K, committed 3200K, reserved 1048576K
}
Event: 7.280 GC heap before
{Heap before GC invocations=5 (full 0):
 garbage-first heap   total 61440K, used 44925K [0x000000070c000000, 0x0000000800000000)
  region size 2048K, 18 young (36864K), 6 survivors (12288K)
 Metaspace       used 33321K, committed 33664K, reserved 1114112K
  class space    used 3859K, committed 4032K, reserved 1048576K
}
Event: 7.312 GC heap after
{Heap after GC invocations=6 (full 0):
 garbage-first heap   total 69632K, used 28869K [0x000000070c000000, 0x0000000800000000)
  region size 2048K, 3 young (6144K), 3 survivors (6144K)
 Metaspace       used 33321K, committed 33664K, reserved 1114112K
  class space    used 3859K, committed 4032K, reserved 1048576K
}
Event: 7.738 GC heap before
{Heap before GC invocations=6 (full 0):
 garbage-first heap   total 69632K, used 53445K [0x000000070c000000, 0x0000000800000000)
  region size 2048K, 15 young (30720K), 3 survivors (6144K)
 Metaspace       used 34102K, committed 34432K, reserved 1114112K
  class space    used 3949K, committed 4096K, reserved 1048576K
}
Event: 7.755 GC heap after
{Heap after GC invocations=7 (full 0):
 garbage-first heap   total 69632K, used 33663K [0x000000070c000000, 0x0000000800000000)
  region size 2048K, 2 young (4096K), 2 survivors (4096K)
 Metaspace       used 34102K, committed 34432K, reserved 1114112K
  class space    used 3949K, committed 4096K, reserved 1048576K
}
Event: 8.438 GC heap before
{Heap before GC invocations=7 (full 0):
 garbage-first heap   total 69632K, used 52095K [0x000000070c000000, 0x0000000800000000)
  region size 2048K, 12 young (24576K), 2 survivors (4096K)
 Metaspace       used 35639K, committed 35968K, reserved 1114112K
  class space    used 4130K, committed 4288K, reserved 1048576K
}
Event: 8.459 GC heap after
{Heap after GC invocations=8 (full 0):
 garbage-first heap   total 69632K, used 37936K [0x000000070c000000, 0x0000000800000000)
  region size 2048K, 2 young (4096K), 2 survivors (4096K)
 Metaspace       used 35639K, committed 35968K, reserved 1114112K
  class space    used 4130K, committed 4288K, reserved 1048576K
}
Event: 9.579 GC heap before
{Heap before GC invocations=9 (full 0):
 garbage-first heap   total 69632K, used 56368K [0x000000070c000000, 0x0000000800000000)
  region size 2048K, 11 young (22528K), 2 survivors (4096K)
 Metaspace       used 36581K, committed 36928K, reserved 1114112K
  class space    used 4203K, committed 4352K, reserved 1048576K
}
Event: 9.597 GC heap after
{Heap after GC invocations=10 (full 0):
 garbage-first heap   total 92160K, used 39557K [0x000000070c000000, 0x0000000800000000)
  region size 2048K, 1 young (2048K), 1 survivors (2048K)
 Metaspace       used 36581K, committed 36928K, reserved 1114112K
  class space    used 4203K, committed 4352K, reserved 1048576K
}
Event: 11.048 GC heap before
{Heap before GC invocations=10 (full 0):
 garbage-first heap   total 92160K, used 76421K [0x000000070c000000, 0x0000000800000000)
  region size 2048K, 19 young (38912K), 1 survivors (2048K)
 Metaspace       used 37477K, committed 37824K, reserved 1114112K
  class space    used 4253K, committed 4416K, reserved 1048576K
}
Event: 11.068 GC heap after
{Heap after GC invocations=11 (full 0):
 garbage-first heap   total 92160K, used 41013K [0x000000070c000000, 0x0000000800000000)
  region size 2048K, 2 young (4096K), 2 survivors (4096K)
 Metaspace       used 37477K, committed 37824K, reserved 1114112K
  class space    used 4253K, committed 4416K, reserved 1048576K
}

